nohup: ignoring input
Loading tifs2d/ch20_URA7_URA8_001-crop1.tif...
Loading tifs2d/ch20_URA7_URA8_001-crop2.tif...
Loading tifs2d/ch20_URA7_URA8_001-crop3.tif...
Loading tifs2d/ch20_URA7_URA8_002-crop1.tif...
Loading tifs2d/ch20_URA7_URA8_002-crop2.tif...
Loading tifs2d/ch20_URA7_URA8_002-crop3.tif...
Loading tifs2d/ch20_URA7_URA8_002-crop4.tif...
Loading tifs2d/ch20_URA7_URA8_002-crop5.tif...
Loading tifs2d/ch20_URA7_URA8_002-crop6.tif...
Initializing Temporal model from models/filament_unet.pt

Training for 100 epochs... (Auto: True)
  Epoch  1/100  Loss:0.1991  Dice:0.389
  Epoch  2/100  Loss:0.1952  Dice:0.391
  Epoch  3/100  Loss:0.1843  Dice:0.433
  Epoch  4/100  Loss:0.1847  Dice:0.437
  Epoch  5/100  Loss:0.1844  Dice:0.418
  Epoch  6/100  Loss:0.1789  Dice:0.436
  Epoch  7/100  Loss:0.1766  Dice:0.430
  Epoch  8/100  Loss:0.1800  Dice:0.428
  Epoch  9/100  Loss:0.1781  Dice:0.440
  Epoch 10/100  Loss:0.1733  Dice:0.455
  Epoch 11/100  Loss:0.1712  Dice:0.458
  Epoch 12/100  Loss:0.1717  Dice:0.444
  Epoch 13/100  Loss:0.1723  Dice:0.448
  Epoch 14/100  Loss:0.1723  Dice:0.463
  Epoch 15/100  Loss:0.1682  Dice:0.469
  Epoch 16/100  Loss:0.1754  Dice:0.449
  Epoch 17/100  Loss:0.1724  Dice:0.452
  Epoch 18/100  Loss:0.1522  Dice:0.513
  Epoch 19/100  Loss:0.1412  Dice:0.560
  Epoch 20/100  Loss:0.1398  Dice:0.563
  Epoch 21/100  Loss:0.1352  Dice:0.574
  Epoch 22/100  Loss:0.1163  Dice:0.639
  Epoch 23/100  Loss:0.1104  Dice:0.656
  Epoch 24/100  Loss:0.1121  Dice:0.643
  Epoch 25/100  Loss:0.1091  Dice:0.670
  Epoch 26/100  Loss:0.1032  Dice:0.677
  Epoch 27/100  Loss:0.0989  Dice:0.694
  Epoch 28/100  Loss:0.1024  Dice:0.677
  Epoch 29/100  Loss:0.0971  Dice:0.675
  Epoch 30/100  Loss:0.0949  Dice:0.709
  Epoch 31/100  Loss:0.0961  Dice:0.698
  Epoch 32/100  Loss:0.0946  Dice:0.700
  Epoch 33/100  Loss:0.0932  Dice:0.703
  Epoch 34/100  Loss:0.0985  Dice:0.688
  Epoch 35/100  Loss:0.1021  Dice:0.688
  Epoch 36/100  Loss:0.0924  Dice:0.711
  Epoch 37/100  Loss:0.0953  Dice:0.707
  Epoch 38/100  Loss:0.0961  Dice:0.702
  Epoch 39/100  Loss:0.0896  Dice:0.716
  Epoch 40/100  Loss:0.0881  Dice:0.725
  Epoch 41/100  Loss:0.0928  Dice:0.692
  Epoch 42/100  Loss:0.0909  Dice:0.725
  Epoch 43/100  Loss:0.0877  Dice:0.712
  Epoch 44/100  Loss:0.0922  Dice:0.711
  Epoch 45/100  Loss:0.0863  Dice:0.712
  Epoch 46/100  Loss:0.0911  Dice:0.709
  Epoch 47/100  Loss:0.0882  Dice:0.720
  Epoch 48/100  Loss:0.0854  Dice:0.737
  Epoch 49/100  Loss:0.0930  Dice:0.713
  Epoch 50/100  Loss:0.0865  Dice:0.731
  Epoch 51/100  Loss:0.0872  Dice:0.721
  Epoch 52/100  Loss:0.0859  Dice:0.733
  Epoch 53/100  Loss:0.0875  Dice:0.732
  Epoch 54/100  Loss:0.1022  Dice:0.681
  Epoch 55/100  Loss:0.0876  Dice:0.719
  Epoch 56/100  Loss:0.0884  Dice:0.708
  Epoch 57/100  Loss:0.0848  Dice:0.730
  Epoch 58/100  Loss:0.0850  Dice:0.731
  Epoch 59/100  Loss:0.0842  Dice:0.718
  Epoch 60/100  Loss:0.0819  Dice:0.731
  Epoch 61/100  Loss:0.0832  Dice:0.728
  Epoch 62/100  Loss:0.0844  Dice:0.724
  Epoch 63/100  Loss:0.0861  Dice:0.724
  Epoch 64/100  Loss:0.0861  Dice:0.716
  Epoch 65/100  Loss:0.0854  Dice:0.728
  Epoch 66/100  Loss:0.0910  Dice:0.704
  Epoch 67/100  Loss:0.0874  Dice:0.717
  Epoch 68/100  Loss:0.0853  Dice:0.730
  Epoch 69/100  Loss:0.0899  Dice:0.712
  Epoch 70/100  Loss:0.0827  Dice:0.744
  Epoch 71/100  Loss:0.0840  Dice:0.733
  Epoch 72/100  Loss:0.0827  Dice:0.733
  Epoch 73/100  Loss:0.0845  Dice:0.727
  Epoch 74/100  Loss:0.0810  Dice:0.733
  Epoch 75/100  Loss:0.0871  Dice:0.723
  Epoch 76/100  Loss:0.0816  Dice:0.746
  Epoch 77/100  Loss:0.0839  Dice:0.725
  Epoch 78/100  Loss:0.0822  Dice:0.736
  Epoch 79/100  Loss:0.0805  Dice:0.743
  Epoch 80/100  Loss:0.0853  Dice:0.735
  Epoch 81/100  Loss:0.0859  Dice:0.720
  Epoch 82/100  Loss:0.0813  Dice:0.721
  Epoch 83/100  Loss:0.0821  Dice:0.741
  Epoch 84/100  Loss:0.0787  Dice:0.738
  Epoch 85/100  Loss:0.0833  Dice:0.720
  Epoch 86/100  Loss:0.0868  Dice:0.726
  Epoch 87/100  Loss:0.0799  Dice:0.743
  Epoch 88/100  Loss:0.0802  Dice:0.743
  Epoch 89/100  Loss:0.0813  Dice:0.723
  Epoch 90/100  Loss:0.0833  Dice:0.734
  Epoch 91/100  Loss:0.0830  Dice:0.727
  Epoch 92/100  Loss:0.0821  Dice:0.742
  Epoch 93/100  Loss:0.0797  Dice:0.747
  Epoch 94/100  Loss:0.0794  Dice:0.742
  Epoch 95/100  Loss:0.0788  Dice:0.733
  Epoch 96/100  Loss:0.0790  Dice:0.745
  Epoch 97/100  Loss:0.0828  Dice:0.737
  Epoch 98/100  Loss:0.0816  Dice:0.742
  Epoch 99/100  Loss:0.0786  Dice:0.747
  Epoch 100/100  Loss:0.0820  Dice:0.736

Saved trained 2D Temporal model to models/filament_unet2d_temporal_auto.pt
