nohup: ignoring input
Loading 2D: tifs2d/ch20_URA7_URA8_002-crop4.tif...
Loading 2D: tifs2d/ch20_URA7_URA8_002-crop1.tif...
Loading 2D: tifs2d/ch20_URA7_URA8_002-crop2.tif...
Loading 2D: tifs2d/ch20_URA7_URA8_001-crop2.tif...
Loading 2D: tifs2d/ch20_URA7_URA8_002-crop6.tif...
Loading 2D: tifs2d/ch20_URA7_URA8_001-crop3.tif...
Loading 2D: tifs2d/ch20_URA7_URA8_002-crop3.tif...
Loading 2D: tifs2d/ch20_URA7_URA8_002-crop5.tif...
Loading 2D: tifs2d/ch20_URA7_URA8_001-crop1.tif...
Loading 3D (to slices): tiffs3d/ch20_URA7_URA8_002_hyperstack_crop_60.tif...
Loading 3D (to slices): tiffs3d/ch20_URA7_URA8_002_hyperstack_crop_39.tif...
Loading 3D (to slices): tiffs3d/ch20_URA7_URA8_002_hyperstack_crop_53.tif...
Loading 3D (to slices): tiffs3d/ch20_URA7_URA8_002_hyperstack_crop_01.tif...
Loading 3D (to slices): tiffs3d/ch20_URA7_URA8_001_hyperstack_crop_09.tif...
Loading 3D (to slices): tiffs3d/ch20_URA7_URA8_001_hyperstack_crop_27.tif...
Loading 3D (to slices): tiffs3d/ch20_URA7_URA8_001_hyperstack_crop_33.tif...
Loading 3D (to slices): tiffs3d/ch20_URA7_URA8_002_hyperstack_crop_41.tif...
Loading 3D (to slices): tiffs3d/ch20_URA7_URA8_001_hyperstack_crop_02.tif...
Loading 3D (to slices): tiffs3d/ch20_URA7_URA8_002_hyperstack_crop_47.tif...
Loading 3D (to slices): tiffs3d/ch20_URA7_URA8_002_hyperstack_crop_38.tif...
Loading 3D (to slices): tiffs3d/ch20_URA7_URA8_001_hyperstack_crop_44.tif...
Loading 3D (to slices): tiffs3d/ch20_URA7_URA8_002_hyperstack_crop_03.tif...
Loading 3D (to slices): tiffs3d/ch20_URA7_URA8_001_hyperstack_crop_26.tif...
Loading 3D (to slices): tiffs3d/ch20_URA7_URA8_002_hyperstack_crop_31.tif...
Loading 3D (to slices): tiffs3d/ch20_URA7_URA8_002_hyperstack_crop_21.tif...
Loading 3D (to slices): tiffs3d/ch20_URA7_URA8_002_hyperstack_crop_23.tif...
Loading 3D (to slices): tiffs3d/ch20_URA7_URA8_002_hyperstack_crop_09.tif...
Loading 3D (to slices): tiffs3d/ch20_URA7_URA8_002_hyperstack_crop_18.tif...
Loading 3D (to slices): tiffs3d/ch20_URA7_URA8_001_hyperstack_crop_14.tif...
Loading 3D (to slices): tiffs3d/ch20_URA7_URA8_001_hyperstack_crop_12.tif...
Loading 3D (to slices): tiffs3d/ch20_URA7_URA8_001_hyperstack_crop_28.tif...
Loading 3D (to slices): tiffs3d/ch20_URA7_URA8_001_hyperstack_crop_19.tif...
Loading 3D (to slices): tiffs3d/ch20_URA7_URA8_002_hyperstack_crop_55.tif...
Loading 3D (to slices): tiffs3d/ch20_URA7_URA8_002_hyperstack_crop_25.tif...
Loading 3D (to slices): tiffs3d/ch20_URA7_URA8_002_hyperstack_crop_43.tif...
Loading 3D (to slices): tiffs3d/ch20_URA7_URA8_002_hyperstack_crop_26.tif...
Loading 3D (to slices): tiffs3d/ch20_URA7_URA8_002_hyperstack_crop_46.tif...
Loading 3D (to slices): tiffs3d/ch20_URA7_URA8_001_hyperstack_crop_05.tif...
Loading 3D (to slices): tiffs3d/ch20_URA7_URA8_001_hyperstack_crop_29.tif...
Loading 3D (to slices): tiffs3d/ch20_URA7_URA8_001_hyperstack_crop_08.tif...
Loading 3D (to slices): tiffs3d/ch20_URA7_URA8_002_hyperstack_crop_42.tif...
Loading 3D (to slices): tiffs3d/ch20_URA7_URA8_002_hyperstack_crop_48.tif...
Loading 3D (to slices): tiffs3d/ch20_URA7_URA8_001_hyperstack_crop_17.tif...
Loading 3D (to slices): tiffs3d/ch20_URA7_URA8_001_hyperstack_crop_34.tif...
Loading 3D (to slices): tiffs3d/ch20_URA7_URA8_002_hyperstack_crop_58.tif...
Loading 3D (to slices): tiffs3d/ch20_URA7_URA8_001_hyperstack_crop_38.tif...
Loading 3D (to slices): tiffs3d/ch20_URA7_URA8_001_hyperstack_crop_23.tif...
Loading 3D (to slices): tiffs3d/ch20_URA7_URA8_002_hyperstack_crop_49.tif...
Loading 3D (to slices): tiffs3d/ch20_URA7_URA8_001_hyperstack_crop_10.tif...
Loading 3D (to slices): tiffs3d/ch20_URA7_URA8_001_hyperstack_crop_06.tif...
Loading 3D (to slices): tiffs3d/ch20_URA7_URA8_002_hyperstack_crop_15.tif...
Loading 3D (to slices): tiffs3d/ch20_URA7_URA8_001_hyperstack_crop_20.tif...
Loading 3D (to slices): tiffs3d/ch20_URA7_URA8_002_hyperstack_crop_06.tif...
Loading 3D (to slices): tiffs3d/ch20_URA7_URA8_001_hyperstack_crop_30.tif...
Loading 3D (to slices): tiffs3d/ch20_URA7_URA8_001_hyperstack_crop_32.tif...
Loading 3D (to slices): tiffs3d/ch20_URA7_URA8_001_hyperstack_crop_03.tif...
Loading 3D (to slices): tiffs3d/ch20_URA7_URA8_002_hyperstack_crop_52.tif...
Loading 3D (to slices): tiffs3d/ch20_URA7_URA8_002_hyperstack_crop_10.tif...
Loading 3D (to slices): tiffs3d/ch20_URA7_URA8_002_hyperstack_crop_50.tif...
Loading 3D (to slices): tiffs3d/ch20_URA7_URA8_002_hyperstack_crop_29.tif...
Loading 3D (to slices): tiffs3d/ch20_URA7_URA8_001_hyperstack_crop_07.tif...
Loading 3D (to slices): tiffs3d/ch20_URA7_URA8_002_hyperstack_crop_02.tif...
Loading 3D (to slices): tiffs3d/ch20_URA7_URA8_002_hyperstack_crop_22.tif...
Loading 3D (to slices): tiffs3d/ch20_URA7_URA8_001_hyperstack_crop_45.tif...
Loading 3D (to slices): tiffs3d/ch20_URA7_URA8_001_hyperstack_crop_31.tif...
Loading 3D (to slices): tiffs3d/ch20_URA7_URA8_002_hyperstack_crop_59.tif...
Loading 3D (to slices): tiffs3d/ch20_URA7_URA8_002_hyperstack_crop_34.tif...
Loading 3D (to slices): tiffs3d/ch20_URA7_URA8_002_hyperstack_crop_11.tif...
Loading 3D (to slices): tiffs3d/ch20_URA7_URA8_001_hyperstack_crop_40.tif...
Loading 3D (to slices): tiffs3d/ch20_URA7_URA8_001_hyperstack_crop_37.tif...
Loading 3D (to slices): tiffs3d/ch20_URA7_URA8_002_hyperstack_crop_35.tif...
Loading 3D (to slices): tiffs3d/ch20_URA7_URA8_001_hyperstack_crop_15.tif...
Loading 3D (to slices): tiffs3d/ch20_URA7_URA8_002_hyperstack_crop_51.tif...
Loading 3D (to slices): tiffs3d/ch20_URA7_URA8_002_hyperstack_crop_32.tif...
Loading 3D (to slices): tiffs3d/ch20_URA7_URA8_002_hyperstack_crop_05.tif...
Loading 3D (to slices): tiffs3d/ch20_URA7_URA8_002_hyperstack_crop_08.tif...
Loading 3D (to slices): tiffs3d/ch20_URA7_URA8_001_hyperstack_crop_24.tif...
Loading 3D (to slices): tiffs3d/ch20_URA7_URA8_002_hyperstack_crop_17.tif...
Loading 3D (to slices): tiffs3d/ch20_URA7_URA8_001_hyperstack_crop_35.tif...
Loading 3D (to slices): tiffs3d/ch20_URA7_URA8_001_hyperstack_crop_21.tif...
Loading 3D (to slices): tiffs3d/ch20_URA7_URA8_001_hyperstack_crop_43.tif...
Loading 3D (to slices): tiffs3d/ch20_URA7_URA8_001_hyperstack_crop_41.tif...
Loading 3D (to slices): tiffs3d/ch20_URA7_URA8_002_hyperstack_crop_07.tif...
Loading 3D (to slices): tiffs3d/ch20_URA7_URA8_002_hyperstack_crop_28.tif...
Loading 3D (to slices): tiffs3d/ch20_URA7_URA8_002_hyperstack_crop_12.tif...
Loading 3D (to slices): tiffs3d/ch20_URA7_URA8_002_hyperstack_crop_30.tif...
Loading 3D (to slices): tiffs3d/ch20_URA7_URA8_001_hyperstack_crop_01.tif...
Loading 3D (to slices): tiffs3d/ch20_URA7_URA8_002_hyperstack_crop_14.tif...
Loading 3D (to slices): tiffs3d/ch20_URA7_URA8_001_hyperstack_crop_13.tif...
Loading 3D (to slices): tiffs3d/ch20_URA7_URA8_002_hyperstack_crop_24.tif...
Loading 3D (to slices): tiffs3d/ch20_URA7_URA8_001_hyperstack_crop_16.tif...
Loading 3D (to slices): tiffs3d/ch20_URA7_URA8_002_hyperstack_crop_61.tif...
Loading 3D (to slices): tiffs3d/ch20_URA7_URA8_002_hyperstack_crop_45.tif...
Loading 3D (to slices): tiffs3d/ch20_URA7_URA8_001_hyperstack_crop_18.tif...
Loading 3D (to slices): tiffs3d/ch20_URA7_URA8_001_hyperstack_crop_22.tif...
Loading 3D (to slices): tiffs3d/ch20_URA7_URA8_001_hyperstack_crop_11.tif...
Loading 3D (to slices): tiffs3d/ch20_URA7_URA8_001_hyperstack_crop_39.tif...
Loading 3D (to slices): tiffs3d/ch20_URA7_URA8_002_hyperstack_crop_56.tif...
Loading 3D (to slices): tiffs3d/ch20_URA7_URA8_001_hyperstack_crop_42.tif...
Loading 3D (to slices): tiffs3d/ch20_URA7_URA8_002_hyperstack_crop_44.tif...
Loading 3D (to slices): tiffs3d/ch20_URA7_URA8_001_hyperstack_crop_46.tif...
Loading 3D (to slices): tiffs3d/ch20_URA7_URA8_002_hyperstack_crop_54.tif...
Loading 3D (to slices): tiffs3d/ch20_URA7_URA8_001_hyperstack_crop_04.tif...
Loading 3D (to slices): tiffs3d/ch20_URA7_URA8_001_hyperstack_crop_25.tif...
Loading 3D (to slices): tiffs3d/ch20_URA7_URA8_002_hyperstack_crop_57.tif...
Loading 3D (to slices): tiffs3d/ch20_URA7_URA8_002_hyperstack_crop_27.tif...
Loading 3D (to slices): tiffs3d/ch20_URA7_URA8_002_hyperstack_crop_16.tif...
Loading 3D (to slices): tiffs3d/ch20_URA7_URA8_002_hyperstack_crop_04.tif...
Loading 3D (to slices): tiffs3d/ch20_URA7_URA8_002_hyperstack_crop_19.tif...
Loading 3D (to slices): tiffs3d/ch20_URA7_URA8_002_hyperstack_crop_33.tif...
Loading 3D (to slices): tiffs3d/ch20_URA7_URA8_002_hyperstack_crop_13.tif...
Loading 3D (to slices): tiffs3d/ch20_URA7_URA8_001_hyperstack_crop_36.tif...
Loading 3D (to slices): tiffs3d/ch20_URA7_URA8_002_hyperstack_crop_40.tif...
Loading 3D (to slices): tiffs3d/ch20_URA7_URA8_002_hyperstack_crop_37.tif...
Loading 3D (to slices): tiffs3d/ch20_URA7_URA8_002_hyperstack_crop_36.tif...
Loading 3D (to slices): tiffs3d/ch20_URA7_URA8_002_hyperstack_crop_20.tif...
Total 2D temporal sequences loaded: 22
Initializing from models/filament_unet.pt

Training for 100 epochs... (Auto: False)
  Epoch  1/100  Loss:0.1941  Dice:0.391
  Epoch  2/100  Loss:0.1918  Dice:0.396
  Epoch  3/100  Loss:0.1868  Dice:0.408
  Epoch  4/100  Loss:0.1836  Dice:0.411
  Epoch  5/100  Loss:0.1695  Dice:0.461
  Epoch  6/100  Loss:0.1577  Dice:0.505
  Epoch  7/100  Loss:0.1501  Dice:0.518
  Epoch  8/100  Loss:0.1398  Dice:0.552
  Epoch  9/100  Loss:0.1372  Dice:0.558
  Epoch 10/100  Loss:0.1350  Dice:0.562
  Epoch 11/100  Loss:0.1380  Dice:0.556
  Epoch 12/100  Loss:0.1296  Dice:0.586
  Epoch 13/100  Loss:0.1305  Dice:0.581
  Epoch 14/100  Loss:0.1275  Dice:0.585
  Epoch 15/100  Loss:0.1257  Dice:0.588
  Epoch 16/100  Loss:0.1281  Dice:0.581
  Epoch 17/100  Loss:0.1275  Dice:0.586
  Epoch 18/100  Loss:0.1252  Dice:0.595
  Epoch 19/100  Loss:0.1269  Dice:0.587
  Epoch 20/100  Loss:0.1230  Dice:0.590
  Epoch 21/100  Loss:0.1226  Dice:0.596
  Epoch 22/100  Loss:0.1236  Dice:0.593
  Epoch 23/100  Loss:0.1202  Dice:0.606
  Epoch 24/100  Loss:0.1222  Dice:0.596
  Epoch 25/100  Loss:0.1193  Dice:0.613
  Epoch 26/100  Loss:0.1190  Dice:0.609
  Epoch 27/100  Loss:0.1184  Dice:0.607
  Epoch 28/100  Loss:0.1203  Dice:0.601
  Epoch 29/100  Loss:0.1222  Dice:0.591
  Epoch 30/100  Loss:0.1186  Dice:0.609
  Epoch 31/100  Loss:0.1165  Dice:0.615
  Epoch 32/100  Loss:0.1163  Dice:0.609
  Epoch 33/100  Loss:0.1171  Dice:0.611
  Epoch 34/100  Loss:0.1146  Dice:0.614
  Epoch 35/100  Loss:0.1150  Dice:0.612
  Epoch 36/100  Loss:0.1155  Dice:0.620
  Epoch 37/100  Loss:0.1157  Dice:0.612
  Epoch 38/100  Loss:0.1159  Dice:0.614
  Epoch 39/100  Loss:0.1118  Dice:0.612
  Epoch 40/100  Loss:0.1113  Dice:0.621
  Epoch 41/100  Loss:0.1162  Dice:0.621
  Epoch 42/100  Loss:0.1121  Dice:0.617
  Epoch 43/100  Loss:0.1117  Dice:0.622
  Epoch 44/100  Loss:0.1116  Dice:0.617
  Epoch 45/100  Loss:0.1112  Dice:0.620
  Epoch 46/100  Loss:0.1159  Dice:0.609
  Epoch 47/100  Loss:0.1121  Dice:0.631
  Epoch 48/100  Loss:0.1101  Dice:0.633
  Epoch 49/100  Loss:0.1125  Dice:0.624
  Epoch 50/100  Loss:0.1088  Dice:0.632
  Epoch 51/100  Loss:0.1101  Dice:0.632
  Epoch 52/100  Loss:0.1093  Dice:0.629
  Epoch 53/100  Loss:0.1121  Dice:0.625
  Epoch 54/100  Loss:0.1094  Dice:0.630
  Epoch 55/100  Loss:0.1104  Dice:0.632
  Epoch 56/100  Loss:0.1087  Dice:0.639
  Epoch 57/100  Loss:0.1096  Dice:0.628
  Epoch 58/100  Loss:0.1092  Dice:0.638
  Epoch 59/100  Loss:0.1078  Dice:0.626
  Epoch 60/100  Loss:0.1081  Dice:0.631
  Epoch 61/100  Loss:0.1073  Dice:0.634
  Epoch 62/100  Loss:0.1109  Dice:0.626
  Epoch 63/100  Loss:0.1083  Dice:0.626
  Epoch 64/100  Loss:0.1081  Dice:0.629
  Epoch 65/100  Loss:0.1051  Dice:0.631
  Epoch 66/100  Loss:0.1086  Dice:0.628
  Epoch 67/100  Loss:0.1062  Dice:0.640
  Epoch 68/100  Loss:0.1097  Dice:0.633
  Epoch 69/100  Loss:0.1067  Dice:0.636
  Epoch 70/100  Loss:0.1063  Dice:0.636
  Epoch 71/100  Loss:0.1066  Dice:0.635
  Epoch 72/100  Loss:0.1074  Dice:0.630
  Epoch 73/100  Loss:0.1055  Dice:0.640
  Epoch 74/100  Loss:0.1062  Dice:0.644
  Epoch 75/100  Loss:0.1068  Dice:0.641
  Epoch 76/100  Loss:0.1037  Dice:0.649
  Epoch 77/100  Loss:0.1061  Dice:0.638
  Epoch 78/100  Loss:0.1069  Dice:0.632
  Epoch 79/100  Loss:0.1048  Dice:0.646
  Epoch 80/100  Loss:0.1053  Dice:0.644
  Epoch 81/100  Loss:0.1035  Dice:0.643
  Epoch 82/100  Loss:0.1061  Dice:0.642
  Epoch 83/100  Loss:0.1065  Dice:0.641
  Epoch 84/100  Loss:0.1026  Dice:0.651
  Epoch 85/100  Loss:0.1042  Dice:0.641
  Epoch 86/100  Loss:0.1049  Dice:0.640
  Epoch 87/100  Loss:0.1044  Dice:0.646
  Epoch 88/100  Loss:0.1045  Dice:0.641
  Epoch 89/100  Loss:0.1032  Dice:0.648
  Epoch 90/100  Loss:0.1052  Dice:0.632
  Epoch 91/100  Loss:0.1041  Dice:0.648
  Epoch 92/100  Loss:0.1016  Dice:0.653
  Epoch 93/100  Loss:0.1010  Dice:0.656
  Epoch 94/100  Loss:0.1032  Dice:0.649
  Epoch 95/100  Loss:0.1026  Dice:0.646
  Epoch 96/100  Loss:0.1032  Dice:0.645
  Epoch 97/100  Loss:0.1018  Dice:0.652
  Epoch 98/100  Loss:0.1038  Dice:0.653
  Epoch 99/100  Loss:0.1001  Dice:0.657
  Epoch 100/100  Loss:0.1005  Dice:0.655

Saved trained 2D Temporal model to models/filament_unet2d_temporal.pt
